
adv_RANDOM_r100_t150  97.0
adv_GREEDY_r100_t150 99.5
adv_MINIMAX_r100_t150 80.0
adv_SELF_r100_t150  50.0

python run_match.py --opponent RANDOM -r 100 -l reports/adv_r100_t150/adv_RANDOM_r100_t150.txt -t 150

Running 200 games:
+++++++++++++++++++++++++++++-++++++-+++++++++++++++++++++++++++++++++++++-+++++++++++++++++++++++++++++++++++-++++++++++++++++++++++++++++-+++++++++++--++++++++++++++++++++++++++++++++++++++++++++++++++++++++
Your agent won 97.0% of matches against Random Agent

python run_match.py --opponent GREEDY -r 100 -l reports/adv_r100_t150/adv_GREEDY_r100_t150.txt -t 150 

Running 200 games:
++++++++++++++++++++++++++++++++++++++++++++++++++++++++++++++++++++++++++++++++++++++++++++++++++++++++++++++++++++++++++++++++++++++++++++++++++-+++++++++++++++++++++++++++++++++++++++++++++++++++++++++++++++++
Your agent won 99.5% of matches against Greedy Agent

python run_match.py --opponent MINIMAX -r 100 -l reports/adv_r100_t150/adv_MINIMAX_r100_t150.txt -t 150 

Running 200 games:
+++++++++++++++++++-++++++++++-+--+--+++-++-+++++++++---++-++-+-++++++++--+++-+++++++++-++++++++++++-++--++++++-++++++++++++---+++++++-+-+-+++++++++++-++-++-+-+++-++++++++-++++-++++++++++++-++-+++++-+++++++-+++++-+++++++
Your agent won 80.0% of matches against Minimax Agent

python run_match.py --opponent SELF -r 100 -l reports/adv_r100_t150/adv_SELF_r100_t150.txt -t 150 

Running 200 games:
+-+-+-+-+-+-+-+-+-+++-+---+++---+-+--++-+-+-++++-++-+++++---++-----+---+++----+-+-+---+++-+--+-+--+--++-+-+-+-+-+-+-+-+-+-+-+-+-+-+-+++-+-+-+-+-++---+-+-+-+-----+-+-+++-+-+-+-+++-+-+-+-+-+-++-+-+-+-+-+-+-+-
Your agent won 50.0% of matches against Custom TestAgent

