
adv_RANDOM_r100_t75 96.0
adv_GREEDY_r100_t75 99.0
adv_MINIMAX_r100_t75 85.5
adv_SELF_r100_t75 49.5

python run_match.py --opponent RANDOM -r 100 -l reports/adv_r100_t75/adv_RANDOM_r100_t75.txt -t 75

Running 200 games:
++++++++++++++++++++++++-+++++++++++++++++++++-+++++++++-+++++++-++++++++++++++++++++++++++++++++++++++++++++++++++++++++++++-+++++++++-++++++-+++++++++++++++++++++++++++++++++++++++++++++++-+++++++++++++++++
Your agent won 96.0% of matches against Random Agent

python run_match.py --opponent GREEDY -r 100 -l reports/adv_r100_t75/adv_GREEDY_r100_t75.txt -t 75 

Running 200 games:
+++++++++++++++++++++++++++++++++++++++++++++++++++++++++++++++++++++++++++++++++++++++++++-+-+++++++++++++++++++++++++++++++++++++++++++++++++++++++++++++++++++++++++++++++++++++++++++++++++++++++++++++++++++++++
Your agent won 99.0% of matches against Greedy Agent

python run_match.py --opponent MINIMAX -r 100 -l reports/adv_r100_t75/adv_MINIMAX_r100_t75.txt -t 75 

Running 200 games:
++++++++++++--++++-++++-+--+++++++++++++++++-++++-++++--+++++++++++++-+++++++++-+++++++++++++++-+++++++++-++++++++-+++++++++++++++-++++++++++++++-+++++++++++--++++-+--+++++++-+++++++-+--+++--+++-+++++++++++++
Your agent won 85.5% of matches against Minimax Agent

python run_match.py --opponent SELF -r 100 -l reports/adv_r100_t75/adv_SELF_r100_t75.txt -t 75 

Running 200 games:
+++-+---+-+-+---+--+-++-+---+++-+-++--+-+-----+---+-++-++-+---++++-+---+--++-+-+--+-+-+++--+++-+-+-++++++-++-++--+-+-+++---+++-+-+--++-+-+---+--+-+-+-+++-+-+-+-----+--+-+++----+++-+-+-+-+--+--+--++-+++-++
Your agent won 49.5% of matches against Custom TestAgent

