base_RANDOM_r100_t75 94.5
base_GREEDY_r100_t75 33.0
base_MINIMAX_r100_t75 47.0
base_SELF_r100_t75 48.0






python run_match_base.py --opponent RANDOM -r 100 -l reports/base_r100_t75/base_RANDOM_r100_t75.txt -t 75

Running 200 games:
+++++++++++++++++++++++++++++++++++++++++++++++++++++++-+++++++++++++++++++++++++++++++++++++++++++++-+++++++++++++++++++-+++-+++++++++++++++++++++++++++++++++++++++-+-+++++-+++++++++++++++-++-++++++++++++++--++
Your agent won 94.5% of matches against Random Agent

python run_match_base.py --opponent GREEDY -r 100 -l reports/base_r100_t75/base_GREEDY_r100_t75.txt -t 75 

Running 200 games:
-+-+-+-+---+-+-+-+---+-+-----+-+---+---+---+-+-+-----+-----+-+-----+--+-------+----+-+-+---+-+---+-+---+-+--+-+-----+---+-+-+---+-----+-+-+---+-++-+-+---+-----+-+-+-+---+-+-+-+-+-+-+-+-----+-+---+-+-+-+-+
Your agent won 33.0% of matches against Greedy Agent

python run_match_base.py --opponent MINIMAX -r 100 -l reports/base_r100_t75/base_MINIMAX_r100_t75.txt -t 75 

Running 200 games:
+-+--+--+-+-----+++--+-++---+--+-+--+------+++-----+------++--+++++---+++++-++---+-+++-----+-+-+-+-+-+++-+++++++--+-+++----+++--+--++++-+---++----+---+-+-+---+--+++--+---+--+++-++-+-+---++-++-+++-++++-----+-+++
Your agent won 47.0% of matches against Minimax Agent

python run_match_base.py --opponent SELF -r 100 -l reports/base_r100_t75/base_SELF_r100_t75.txt -t 75 

Running 200 games:
+++++++-+----+---++-+-++-+---+--+---+--++---++-+++-+--+++-----++--+++-+-+-+--+--+--++-+-+--++-++----+-++++++--++---++--++-----++-+++-++++-+++++----+++-++-+++--+--------+++--+--+-------+--+-+--+-+-+++-+-+-----
Your agent won 48.0% of matches against CustomBase TestAgent

