adv_RANDOM_r100_t750 96.5
adv_GREEDY_r100_t750 100.0
adv_MINIMAX_r100_t750 81.5
adv_SELF_r100_t750 50.0










python run_match.py --opponent RANDOM -r 100 -l reports/adv_r100_t750/adv_RANDOM_r100_t750.txt -t 750

Running 200 games:
++++++++++++++++++++++++++++++++++++++++++-++++++++++++++++++++++++++++-++++++++++++++++++++++++++++++++-++++++++++++++++++++++-+++++++++++++++++++++++++-++++++++++++-++-++++++++++++++++++++++++++++++++++++++++++
Your agent won 96.5% of matches against Random Agent

python run_match.py --opponent GREEDY -r 100 -l reports/adv_r100_t750/adv_GREEDY_r100_t750.txt -t 750 

Running 200 games:
+++++++++++++++++++++++++++++++++++++++++++++++++++++++++++++++++++++++++++++++++++++++++++++++++++++++++++++++++++++++++++++++++++++++++++++++++++++++++++++++++++++++++++++++++++++++++++++++++++++++++++++++++++++++
Your agent won 100.0% of matches against Greedy Agent

python run_match.py --opponent MINIMAX -r 100 -l reports/adv_r100_t750/adv_MINIMAX_r100_t750.txt -t 750 

Running 200 games:
++++-+++++++-+-+++++-+++++++++++-++--++++++++++++-++++++++-++-+++-++++++++++++++--+----+++-+++-++++++++++++++--+-++++++++--+++-+++++-+++++++++++++++++++-+++++---+-+++++-++++--++++++-++++++++++++++++-+--+++-+
Your agent won 81.5% of matches against Minimax Agent

python run_match.py --opponent SELF -r 100 -l reports/adv_r100_t750/adv_SELF_r100_t750.txt -t 750 

Running 200 games:
-+-+-+-+-+-+-+-+-+-+-+-+-+-+-+-+-+-+-+-+-+--+-+-+-+-+-+-+-+--+-+-+--+-+-+-+-+-+-++-+-+-+-+-+-+-+-+-+-+-+-+-+--+-+-+-+-+-+-+-+-+-+-+-+-+-+-+-+-+-+-+-+-+-+-+-+-+-+-+-+-+-+-+-+-+-+-+-+-+-+-+-+-+-+-+-+-+-+-+-+
Your agent won 50.0% of matches against Custom TestAgent

