base_RANDOM_r100_t750 93.0
base_GREEDY_r100_t750 50.0
base_MINIMAX_r100_t750 50.0
base_SELF_r100_t750 50.0


python run_match_base.py --opponent RANDOM -r 100 -l reports/base_r100_t750/base_RANDOM_r100_t750.txt -t 750

Running 200 games:
++-+++++++++++-+++++-++++++++++++-++-+++++++++++++++-+++-++++++++++++++++++++++++++++++++++++++++--+++++++++++++++++-+++++++++++++++++++++++++++-+++++++++++++-++++++++++++-++-++++++++++++++++++++++++++++++++
Your agent won 93.0% of matches against Random Agent

python run_match_base.py --opponent GREEDY -r 100 -l reports/base_r100_t750/base_GREEDY_r100_t750.txt -t 750 

Running 200 games:
-+-+-+-+-+-+-+-+-++-+-+-+-+-++-+-+-+-+--+-+-+-+-+-+-+-+--+-+-+-+-+-+-+-+-+-+-+-+-+-+-+-+-+-+-+-+-+-+--+-+-+-+-+--+-+-+-+-+-+-+--+-+-+-+-+-+-+-+-+-+--+-+-+-+-+-+-+-+-+-+-+-+-+-+-+-+--+-+-+-+-+-+-+-+-+-+-+-+-+-+
Your agent won 50.0% of matches against Greedy Agent

python run_match_base.py --opponent MINIMAX -r 100 -l reports/base_r100_t750/base_MINIMAX_r100_t750.txt -t 750 

Running 200 games:
--++-+++---+---++++-+-+++--+++---++---+-++-++-++++-++-----+-+---++++-+-+----+---+----++-+++-+-++--+--++--+--+++-++++----+-------+++----+++-+++++--++-+++-+--+--+-+-+-+-++-+-+-++++-+-+++--+------+-+-++++++--++-++--
Your agent won 50.0% of matches against Minimax Agent

python run_match_base.py --opponent SELF -r 100 -l reports/base_r100_t750/base_SELF_r100_t750.txt -t 750 

Running 200 games:
-+-+-+-+-+-+-+-+-+-+-+-++-+-+-+-+-+-+-+-+-+-+-+-+-+-+-+-+-+-+-+-+-+-+-+-+-+-+-+-+-+-+-+-+-+-+-+-+-+-+-+-+-+-+-+--+-+-+-+-+-+-+-+-+-+-+-+-+-+-+-+-+-+-+-+-+-+-+-+-+-+-+-+-+-+-+-+-+-+-+-+-+-+-+-+--+-+-+-+-+
Your agent won 50.0% of matches against CustomBase TestAgent

